<?xml version="1.0" encoding="UTF-8"?>
<!-- Generated by org.testng.reporters.JUnitReportReporter -->
<testsuite hostname="DESKTOP-R6249JK" failures="0" tests="1" name="com.imi.script.editrescentItems" time="66.851" errors="0" timestamp="2021-09-12T18:08:45 IST" skipped="0">
  <testcase classname="com.imi.script.editrescentItems" name="verify" time="66.851"/>
  <system-out/>
</testsuite> <!-- com.imi.script.editrescentItems -->
